Determining if the pthread_create exist failed with the following output:
Change Dir: /home/lio/ROS1_Practice/build/CMakeFiles/CMakeTmp

Run Build Command:"/usr/bin/make" "cmTC_20fa6/fast"
/usr/bin/make -f CMakeFiles/cmTC_20fa6.dir/build.make CMakeFiles/cmTC_20fa6.dir/build
make[1]: Entering directory '/home/lio/ROS1_Practice/build/CMakeFiles/CMakeTmp'
Building C object CMakeFiles/cmTC_20fa6.dir/CheckSymbolExists.c.o
/usr/bin/cc    -o CMakeFiles/cmTC_20fa6.dir/CheckSymbolExists.c.o   -c /home/lio/ROS1_Practice/build/CMakeFiles/CMakeTmp/CheckSymbolExists.c
Linking C executable cmTC_20fa6
/usr/bin/cmake -E cmake_link_script CMakeFiles/cmTC_20fa6.dir/link.txt --verbose=1
/usr/bin/cc      -rdynamic CMakeFiles/cmTC_20fa6.dir/CheckSymbolExists.c.o  -o cmTC_20fa6 
CMakeFiles/cmTC_20fa6.dir/CheckSymbolExists.c.o: 於函式 main:
CheckSymbolExists.c:(.text+0x1b): 未定義參考到 pthread_create
collect2: error: ld returned 1 exit status
CMakeFiles/cmTC_20fa6.dir/build.make:97: recipe for target 'cmTC_20fa6' failed
make[1]: *** [cmTC_20fa6] Error 1
make[1]: Leaving directory '/home/lio/ROS1_Practice/build/CMakeFiles/CMakeTmp'
Makefile:126: recipe for target 'cmTC_20fa6/fast' failed
make: *** [cmTC_20fa6/fast] Error 2

File /home/lio/ROS1_Practice/build/CMakeFiles/CMakeTmp/CheckSymbolExists.c:
/* */
#include <pthread.h>

int main(int argc, char** argv)
{
  (void)argv;
#ifndef pthread_create
  return ((int*)(&pthread_create))[argc];
#else
  (void)argc;
  return 0;
#endif
}

Determining if the function pthread_create exists in the pthreads failed with the following output:
Change Dir: /home/lio/ROS1_Practice/build/CMakeFiles/CMakeTmp

Run Build Command:"/usr/bin/make" "cmTC_c0114/fast"
/usr/bin/make -f CMakeFiles/cmTC_c0114.dir/build.make CMakeFiles/cmTC_c0114.dir/build
make[1]: Entering directory '/home/lio/ROS1_Practice/build/CMakeFiles/CMakeTmp'
Building C object CMakeFiles/cmTC_c0114.dir/CheckFunctionExists.c.o
/usr/bin/cc   -DCHECK_FUNCTION_EXISTS=pthread_create   -o CMakeFiles/cmTC_c0114.dir/CheckFunctionExists.c.o   -c /usr/share/cmake-3.10/Modules/CheckFunctionExists.c
Linking C executable cmTC_c0114
/usr/bin/cmake -E cmake_link_script CMakeFiles/cmTC_c0114.dir/link.txt --verbose=1
/usr/bin/cc  -DCHECK_FUNCTION_EXISTS=pthread_create    -rdynamic CMakeFiles/cmTC_c0114.dir/CheckFunctionExists.c.o  -o cmTC_c0114 -lpthreads 
/usr/bin/ld: 找不到 -lpthreads
collect2: error: ld returned 1 exit status
CMakeFiles/cmTC_c0114.dir/build.make:97: recipe for target 'cmTC_c0114' failed
make[1]: *** [cmTC_c0114] Error 1
make[1]: Leaving directory '/home/lio/ROS1_Practice/build/CMakeFiles/CMakeTmp'
Makefile:126: recipe for target 'cmTC_c0114/fast' failed
make: *** [cmTC_c0114/fast] Error 2


